<?xml version="1.0" encoding="UTF-8"?>
<testng-results ignored="0" total="1" passed="1" failed="0" skipped="0">
  <reporter-output>
  </reporter-output>
  <suite started-at="2024-02-07T21:46:03 IST" name="Default suite" finished-at="2024-02-07T21:46:07 IST" duration-ms="3888">
    <groups>
    </groups>
    <test started-at="2024-02-07T21:46:03 IST" name="Default test" finished-at="2024-02-07T21:46:07 IST" duration-ms="3888">
      <class name="setup.Setup">
        <test-method signature="setup()[pri:0, instance:setup.Setup@72cde7cc]" started-at="2024-02-07T21:46:03 IST" name="setup" finished-at="2024-02-07T21:46:07 IST" duration-ms="3847" status="PASS">
          <reporter-output>
          </reporter-output>
        </test-method> <!-- setup -->
      </class> <!-- setup.Setup -->
    </test> <!-- Default test -->
  </suite> <!-- Default suite -->
</testng-results>
